{"/Users/takumashinohara/Projects/nostr/nostr-shrine/cf/scripts/generate-keys.js": {"path":"/Users/takumashinohara/Projects/nostr/nostr-shrine/cf/scripts/generate-keys.js","all":true,"statementMap":{"0":{"start":{"line":1,"column":0},"end":{"line":1,"column":19}},"1":{"start":{"line":2,"column":0},"end":{"line":2,"column":0}},"2":{"start":{"line":3,"column":0},"end":{"line":3,"column":61}},"3":{"start":{"line":4,"column":0},"end":{"line":4,"column":0}},"4":{"start":{"line":5,"column":0},"end":{"line":5,"column":38}},"5":{"start":{"line":6,"column":0},"end":{"line":6,"column":0}},"6":{"start":{"line":7,"column":0},"end":{"line":7,"column":43}},"7":{"start":{"line":8,"column":0},"end":{"line":8,"column":97}},"8":{"start":{"line":9,"column":0},"end":{"line":9,"column":47}},"9":{"start":{"line":10,"column":0},"end":{"line":10,"column":0}},"10":{"start":{"line":11,"column":0},"end":{"line":11,"column":24}},"11":{"start":{"line":12,"column":0},"end":{"line":12,"column":55}},"12":{"start":{"line":13,"column":0},"end":{"line":13,"column":32}},"13":{"start":{"line":14,"column":0},"end":{"line":14,"column":33}},"14":{"start":{"line":15,"column":0},"end":{"line":15,"column":57}},"15":{"start":{"line":16,"column":0},"end":{"line":16,"column":0}},"16":{"start":{"line":17,"column":0},"end":{"line":17,"column":37}},"17":{"start":{"line":18,"column":0},"end":{"line":18,"column":55}},"18":{"start":{"line":19,"column":0},"end":{"line":19,"column":47}},"19":{"start":{"line":20,"column":0},"end":{"line":20,"column":49}},"20":{"start":{"line":21,"column":0},"end":{"line":21,"column":57}},"21":{"start":{"line":22,"column":0},"end":{"line":22,"column":0}},"22":{"start":{"line":23,"column":0},"end":{"line":23,"column":43}},"23":{"start":{"line":24,"column":0},"end":{"line":24,"column":56}}},"s":{"0":0,"1":0,"2":0,"3":0,"4":0,"5":0,"6":0,"7":0,"8":0,"9":0,"10":0,"11":0,"12":0,"13":0,"14":0,"15":0,"16":0,"17":0,"18":0,"19":0,"20":0,"21":0,"22":0,"23":0},"branchMap":{"0":{"type":"branch","line":1,"loc":{"start":{"line":1,"column":0},"end":{"line":24,"column":-54}},"locations":[{"start":{"line":1,"column":0},"end":{"line":24,"column":-54}}]}},"b":{"0":[0]},"fnMap":{"0":{"name":"(empty-report)","decl":{"start":{"line":1,"column":0},"end":{"line":24,"column":-54}},"loc":{"start":{"line":1,"column":0},"end":{"line":24,"column":-54}},"line":1}},"f":{"0":0}}
,"/Users/takumashinohara/Projects/nostr/nostr-shrine/cf/src/test-helpers.ts": {"path":"/Users/takumashinohara/Projects/nostr/nostr-shrine/cf/src/test-helpers.ts","all":false,"statementMap":{"0":{"start":{"line":1,"column":0},"end":{"line":1,"column":76}},"3":{"start":{"line":4,"column":0},"end":{"line":4,"column":91}},"4":{"start":{"line":5,"column":0},"end":{"line":5,"column":46}},"5":{"start":{"line":6,"column":0},"end":{"line":6,"column":68}},"6":{"start":{"line":7,"column":0},"end":{"line":7,"column":1}},"7":{"start":{"line":8,"column":0},"end":{"line":8,"column":60}},"10":{"start":{"line":11,"column":0},"end":{"line":11,"column":56}},"11":{"start":{"line":12,"column":0},"end":{"line":12,"column":12}},"12":{"start":{"line":13,"column":0},"end":{"line":13,"column":37}},"13":{"start":{"line":14,"column":0},"end":{"line":14,"column":33}},"14":{"start":{"line":15,"column":0},"end":{"line":15,"column":35}},"15":{"start":{"line":16,"column":0},"end":{"line":16,"column":11}},"16":{"start":{"line":17,"column":0},"end":{"line":17,"column":37}},"17":{"start":{"line":18,"column":0},"end":{"line":18,"column":39}},"18":{"start":{"line":19,"column":0},"end":{"line":19,"column":27}},"19":{"start":{"line":20,"column":0},"end":{"line":20,"column":14}},"20":{"start":{"line":21,"column":0},"end":{"line":21,"column":2}},"23":{"start":{"line":24,"column":0},"end":{"line":24,"column":57}},"24":{"start":{"line":25,"column":0},"end":{"line":25,"column":39}},"25":{"start":{"line":26,"column":0},"end":{"line":26,"column":43}},"27":{"start":{"line":28,"column":0},"end":{"line":28,"column":17}},"28":{"start":{"line":29,"column":0},"end":{"line":29,"column":12}},"29":{"start":{"line":30,"column":0},"end":{"line":30,"column":28}},"30":{"start":{"line":31,"column":0},"end":{"line":31,"column":13}},"31":{"start":{"line":32,"column":0},"end":{"line":32,"column":22}},"32":{"start":{"line":33,"column":0},"end":{"line":33,"column":46}},"33":{"start":{"line":34,"column":0},"end":{"line":34,"column":16}},"34":{"start":{"line":35,"column":0},"end":{"line":35,"column":3}},"36":{"start":{"line":37,"column":0},"end":{"line":37,"column":40}},"37":{"start":{"line":38,"column":0},"end":{"line":38,"column":1}},"40":{"start":{"line":41,"column":0},"end":{"line":41,"column":86}},"41":{"start":{"line":42,"column":0},"end":{"line":42,"column":9}},"42":{"start":{"line":43,"column":0},"end":{"line":43,"column":25}},"43":{"start":{"line":44,"column":0},"end":{"line":44,"column":2}},"46":{"start":{"line":47,"column":0},"end":{"line":47,"column":53}},"47":{"start":{"line":48,"column":0},"end":{"line":48,"column":33}},"48":{"start":{"line":49,"column":0},"end":{"line":49,"column":42}},"49":{"start":{"line":50,"column":0},"end":{"line":50,"column":39}},"50":{"start":{"line":51,"column":0},"end":{"line":51,"column":1}},"52":{"start":{"line":53,"column":0},"end":{"line":53,"column":73}},"53":{"start":{"line":54,"column":0},"end":{"line":54,"column":34}},"54":{"start":{"line":55,"column":0},"end":{"line":55,"column":34}},"55":{"start":{"line":56,"column":0},"end":{"line":56,"column":38}},"56":{"start":{"line":57,"column":0},"end":{"line":57,"column":1}}},"s":{"0":1,"3":1,"4":1,"5":1,"6":1,"7":1,"10":1,"11":19,"12":19,"13":19,"14":19,"15":19,"16":19,"17":19,"18":19,"19":19,"20":19,"23":1,"24":21,"25":21,"27":21,"28":21,"29":21,"30":21,"31":21,"32":21,"33":21,"34":21,"36":21,"37":21,"40":1,"41":12,"42":12,"43":12,"46":1,"47":10,"48":10,"49":10,"50":10,"52":1,"53":0,"54":0,"55":0,"56":0},"branchMap":{"0":{"type":"branch","line":6,"loc":{"start":{"line":6,"column":41},"end":{"line":6,"column":67}},"locations":[{"start":{"line":6,"column":41},"end":{"line":6,"column":67}}]},"1":{"type":"branch","line":11,"loc":{"start":{"line":11,"column":29},"end":{"line":21,"column":2}},"locations":[{"start":{"line":11,"column":29},"end":{"line":21,"column":2}}]},"2":{"type":"branch","line":24,"loc":{"start":{"line":24,"column":31},"end":{"line":38,"column":1}},"locations":[{"start":{"line":24,"column":31},"end":{"line":38,"column":1}}]},"3":{"type":"branch","line":41,"loc":{"start":{"line":41,"column":33},"end":{"line":44,"column":2}},"locations":[{"start":{"line":41,"column":33},"end":{"line":44,"column":2}}]},"4":{"type":"branch","line":47,"loc":{"start":{"line":47,"column":37},"end":{"line":51,"column":1}},"locations":[{"start":{"line":47,"column":37},"end":{"line":51,"column":1}}]}},"b":{"0":[64],"1":[19],"2":[21],"3":[12],"4":[10]},"fnMap":{"0":{"name":"createMockEnv","decl":{"start":{"line":11,"column":29},"end":{"line":21,"column":2}},"loc":{"start":{"line":11,"column":29},"end":{"line":21,"column":2}},"line":11},"1":{"name":"get","decl":{"start":{"line":13,"column":9},"end":{"line":13,"column":37}},"loc":{"start":{"line":13,"column":9},"end":{"line":13,"column":37}},"line":13},"2":{"name":"put","decl":{"start":{"line":14,"column":9},"end":{"line":14,"column":33}},"loc":{"start":{"line":14,"column":9},"end":{"line":14,"column":33}},"line":14},"3":{"name":"delete","decl":{"start":{"line":15,"column":12},"end":{"line":15,"column":35}},"loc":{"start":{"line":15,"column":12},"end":{"line":15,"column":35}},"line":15},"4":{"name":"createTestEvent","decl":{"start":{"line":24,"column":31},"end":{"line":38,"column":1}},"loc":{"start":{"line":24,"column":31},"end":{"line":38,"column":1}},"line":24},"5":{"name":"createWrapRequest","decl":{"start":{"line":41,"column":33},"end":{"line":44,"column":2}},"loc":{"start":{"line":41,"column":33},"end":{"line":44,"column":2}},"line":41},"6":{"name":"expectSuccessResponse","decl":{"start":{"line":47,"column":37},"end":{"line":51,"column":1}},"loc":{"start":{"line":47,"column":37},"end":{"line":51,"column":1}},"line":47},"7":{"name":"expectErrorResponse","decl":{"start":{"line":53,"column":35},"end":{"line":57,"column":1}},"loc":{"start":{"line":53,"column":35},"end":{"line":57,"column":1}},"line":53}},"f":{"0":19,"1":0,"2":0,"3":0,"4":21,"5":12,"6":10,"7":0}}
,"/Users/takumashinohara/Projects/nostr/nostr-shrine/cf/src/worker.ts": {"path":"/Users/takumashinohara/Projects/nostr/nostr-shrine/cf/src/worker.ts","all":false,"statementMap":{"0":{"start":{"line":1,"column":0},"end":{"line":1,"column":27}},"1":{"start":{"line":2,"column":0},"end":{"line":2,"column":90}},"34":{"start":{"line":35,"column":0},"end":{"line":35,"column":21}},"35":{"start":{"line":36,"column":0},"end":{"line":36,"column":41}},"36":{"start":{"line":37,"column":0},"end":{"line":37,"column":39}},"37":{"start":{"line":38,"column":0},"end":{"line":38,"column":45}},"38":{"start":{"line":39,"column":0},"end":{"line":39,"column":39}},"39":{"start":{"line":40,"column":0},"end":{"line":40,"column":49}},"40":{"start":{"line":41,"column":0},"end":{"line":41,"column":37}},"41":{"start":{"line":42,"column":0},"end":{"line":42,"column":37}},"42":{"start":{"line":43,"column":0},"end":{"line":43,"column":28}},"43":{"start":{"line":44,"column":0},"end":{"line":44,"column":10}},"46":{"start":{"line":47,"column":0},"end":{"line":47,"column":92}},"48":{"start":{"line":49,"column":0},"end":{"line":49,"column":7}},"49":{"start":{"line":50,"column":0},"end":{"line":50,"column":32}},"50":{"start":{"line":51,"column":0},"end":{"line":51,"column":24}},"51":{"start":{"line":52,"column":0},"end":{"line":52,"column":89}},"52":{"start":{"line":53,"column":0},"end":{"line":53,"column":5}},"53":{"start":{"line":54,"column":0},"end":{"line":54,"column":33}},"54":{"start":{"line":55,"column":0},"end":{"line":55,"column":91}},"55":{"start":{"line":56,"column":0},"end":{"line":56,"column":5}},"56":{"start":{"line":57,"column":0},"end":{"line":57,"column":11}},"57":{"start":{"line":58,"column":0},"end":{"line":58,"column":89}},"58":{"start":{"line":59,"column":0},"end":{"line":59,"column":3}},"61":{"start":{"line":62,"column":0},"end":{"line":62,"column":43}},"62":{"start":{"line":63,"column":0},"end":{"line":63,"column":56}},"63":{"start":{"line":64,"column":0},"end":{"line":64,"column":36}},"64":{"start":{"line":65,"column":0},"end":{"line":65,"column":13}},"65":{"start":{"line":66,"column":0},"end":{"line":66,"column":17}},"66":{"start":{"line":67,"column":0},"end":{"line":67,"column":76}},"67":{"start":{"line":68,"column":0},"end":{"line":68,"column":44}},"68":{"start":{"line":69,"column":0},"end":{"line":69,"column":5}},"69":{"start":{"line":70,"column":0},"end":{"line":70,"column":3}},"72":{"start":{"line":73,"column":0},"end":{"line":73,"column":26}},"73":{"start":{"line":74,"column":0},"end":{"line":74,"column":33}},"74":{"start":{"line":75,"column":0},"end":{"line":75,"column":67}},"75":{"start":{"line":76,"column":0},"end":{"line":76,"column":5}},"76":{"start":{"line":77,"column":0},"end":{"line":77,"column":38}},"77":{"start":{"line":78,"column":0},"end":{"line":78,"column":15}},"78":{"start":{"line":79,"column":0},"end":{"line":79,"column":19}},"79":{"start":{"line":80,"column":0},"end":{"line":80,"column":41}},"80":{"start":{"line":81,"column":0},"end":{"line":81,"column":43}},"81":{"start":{"line":82,"column":0},"end":{"line":82,"column":7}},"82":{"start":{"line":83,"column":0},"end":{"line":83,"column":5}},"83":{"start":{"line":84,"column":0},"end":{"line":84,"column":3}},"85":{"start":{"line":86,"column":0},"end":{"line":86,"column":21}},"86":{"start":{"line":87,"column":0},"end":{"line":87,"column":1}},"89":{"start":{"line":90,"column":0},"end":{"line":90,"column":77}},"90":{"start":{"line":91,"column":0},"end":{"line":91,"column":58}},"91":{"start":{"line":92,"column":0},"end":{"line":92,"column":49}},"92":{"start":{"line":93,"column":0},"end":{"line":93,"column":3}},"95":{"start":{"line":96,"column":0},"end":{"line":96,"column":24}},"96":{"start":{"line":97,"column":0},"end":{"line":97,"column":23}},"97":{"start":{"line":98,"column":0},"end":{"line":98,"column":43}},"98":{"start":{"line":99,"column":0},"end":{"line":99,"column":13}},"99":{"start":{"line":100,"column":0},"end":{"line":100,"column":46}},"100":{"start":{"line":101,"column":0},"end":{"line":101,"column":33}},"101":{"start":{"line":102,"column":0},"end":{"line":102,"column":3}},"103":{"start":{"line":104,"column":0},"end":{"line":104,"column":41}},"104":{"start":{"line":105,"column":0},"end":{"line":105,"column":76}},"105":{"start":{"line":106,"column":0},"end":{"line":106,"column":3}},"107":{"start":{"line":108,"column":0},"end":{"line":108,"column":53}},"108":{"start":{"line":109,"column":0},"end":{"line":109,"column":1}},"111":{"start":{"line":112,"column":0},"end":{"line":112,"column":78}},"112":{"start":{"line":113,"column":0},"end":{"line":113,"column":39}},"113":{"start":{"line":114,"column":0},"end":{"line":114,"column":13}},"114":{"start":{"line":115,"column":0},"end":{"line":115,"column":3}},"117":{"start":{"line":118,"column":0},"end":{"line":118,"column":97}},"118":{"start":{"line":119,"column":0},"end":{"line":119,"column":13}},"119":{"start":{"line":120,"column":0},"end":{"line":120,"column":3}},"121":{"start":{"line":122,"column":0},"end":{"line":122,"column":43}},"122":{"start":{"line":123,"column":0},"end":{"line":123,"column":36}},"123":{"start":{"line":124,"column":0},"end":{"line":124,"column":11}},"125":{"start":{"line":126,"column":0},"end":{"line":126,"column":42}},"127":{"start":{"line":128,"column":0},"end":{"line":128,"column":55}},"128":{"start":{"line":129,"column":0},"end":{"line":129,"column":44}},"129":{"start":{"line":130,"column":0},"end":{"line":130,"column":22}},"130":{"start":{"line":131,"column":0},"end":{"line":131,"column":51}},"131":{"start":{"line":132,"column":0},"end":{"line":132,"column":31}},"133":{"start":{"line":134,"column":0},"end":{"line":134,"column":29}},"134":{"start":{"line":135,"column":0},"end":{"line":135,"column":53}},"135":{"start":{"line":136,"column":0},"end":{"line":136,"column":33}},"137":{"start":{"line":138,"column":0},"end":{"line":138,"column":22}},"138":{"start":{"line":139,"column":0},"end":{"line":139,"column":21}},"139":{"start":{"line":140,"column":0},"end":{"line":140,"column":11}},"141":{"start":{"line":142,"column":0},"end":{"line":142,"column":35}},"142":{"start":{"line":143,"column":0},"end":{"line":143,"column":33}},"143":{"start":{"line":144,"column":0},"end":{"line":144,"column":25}},"144":{"start":{"line":145,"column":0},"end":{"line":145,"column":11}},"146":{"start":{"line":147,"column":0},"end":{"line":147,"column":39}},"147":{"start":{"line":148,"column":0},"end":{"line":148,"column":17}},"148":{"start":{"line":149,"column":0},"end":{"line":149,"column":65}},"149":{"start":{"line":150,"column":0},"end":{"line":150,"column":65}},"150":{"start":{"line":151,"column":0},"end":{"line":151,"column":26}},"151":{"start":{"line":152,"column":0},"end":{"line":152,"column":25}},"152":{"start":{"line":153,"column":0},"end":{"line":153,"column":22}},"153":{"start":{"line":154,"column":0},"end":{"line":154,"column":26}},"154":{"start":{"line":155,"column":0},"end":{"line":155,"column":86}},"155":{"start":{"line":156,"column":0},"end":{"line":156,"column":15}},"156":{"start":{"line":157,"column":0},"end":{"line":157,"column":21}},"157":{"start":{"line":158,"column":0},"end":{"line":158,"column":24}},"158":{"start":{"line":159,"column":0},"end":{"line":159,"column":62}},"159":{"start":{"line":160,"column":0},"end":{"line":160,"column":13}},"160":{"start":{"line":161,"column":0},"end":{"line":161,"column":11}},"161":{"start":{"line":162,"column":0},"end":{"line":162,"column":10}},"162":{"start":{"line":163,"column":0},"end":{"line":163,"column":23}},"163":{"start":{"line":164,"column":0},"end":{"line":164,"column":19}},"164":{"start":{"line":165,"column":0},"end":{"line":165,"column":7}},"165":{"start":{"line":166,"column":0},"end":{"line":166,"column":6}},"166":{"start":{"line":167,"column":0},"end":{"line":167,"column":3}},"169":{"start":{"line":170,"column":0},"end":{"line":170,"column":39}},"170":{"start":{"line":171,"column":0},"end":{"line":171,"column":38}},"171":{"start":{"line":172,"column":0},"end":{"line":172,"column":40}},"172":{"start":{"line":173,"column":0},"end":{"line":173,"column":42}},"173":{"start":{"line":174,"column":0},"end":{"line":174,"column":5}},"174":{"start":{"line":175,"column":0},"end":{"line":175,"column":4}},"176":{"start":{"line":177,"column":0},"end":{"line":177,"column":25}},"177":{"start":{"line":178,"column":0},"end":{"line":178,"column":1}},"179":{"start":{"line":180,"column":0},"end":{"line":180,"column":41}},"182":{"start":{"line":183,"column":0},"end":{"line":183,"column":27}},"183":{"start":{"line":184,"column":0},"end":{"line":184,"column":17}},"184":{"start":{"line":185,"column":0},"end":{"line":185,"column":17}},"185":{"start":{"line":186,"column":0},"end":{"line":186,"column":39}},"186":{"start":{"line":187,"column":0},"end":{"line":187,"column":4}},"187":{"start":{"line":188,"column":0},"end":{"line":188,"column":2}},"190":{"start":{"line":191,"column":0},"end":{"line":191,"column":34}},"191":{"start":{"line":192,"column":0},"end":{"line":192,"column":33}},"192":{"start":{"line":193,"column":0},"end":{"line":193,"column":20}},"193":{"start":{"line":194,"column":0},"end":{"line":194,"column":21}},"194":{"start":{"line":195,"column":0},"end":{"line":195,"column":37}},"195":{"start":{"line":196,"column":0},"end":{"line":196,"column":45}},"196":{"start":{"line":197,"column":0},"end":{"line":197,"column":11}},"197":{"start":{"line":198,"column":0},"end":{"line":198,"column":3}},"198":{"start":{"line":199,"column":0},"end":{"line":199,"column":52}},"199":{"start":{"line":200,"column":0},"end":{"line":200,"column":2}},"202":{"start":{"line":203,"column":0},"end":{"line":203,"column":32}},"204":{"start":{"line":205,"column":0},"end":{"line":205,"column":62}},"205":{"start":{"line":206,"column":0},"end":{"line":206,"column":20}},"206":{"start":{"line":207,"column":0},"end":{"line":207,"column":21}},"207":{"start":{"line":208,"column":0},"end":{"line":208,"column":37}},"208":{"start":{"line":209,"column":0},"end":{"line":209,"column":45}},"209":{"start":{"line":210,"column":0},"end":{"line":210,"column":11}},"210":{"start":{"line":211,"column":0},"end":{"line":211,"column":3}},"213":{"start":{"line":214,"column":0},"end":{"line":214,"column":30}},"214":{"start":{"line":215,"column":0},"end":{"line":215,"column":7}},"215":{"start":{"line":216,"column":0},"end":{"line":216,"column":36}},"216":{"start":{"line":217,"column":0},"end":{"line":217,"column":11}},"217":{"start":{"line":218,"column":0},"end":{"line":218,"column":20}},"218":{"start":{"line":219,"column":0},"end":{"line":219,"column":21}},"219":{"start":{"line":220,"column":0},"end":{"line":220,"column":28}},"220":{"start":{"line":221,"column":0},"end":{"line":221,"column":39}},"221":{"start":{"line":222,"column":0},"end":{"line":222,"column":11}},"222":{"start":{"line":223,"column":0},"end":{"line":223,"column":3}},"225":{"start":{"line":226,"column":0},"end":{"line":226,"column":33}},"226":{"start":{"line":227,"column":0},"end":{"line":227,"column":20}},"227":{"start":{"line":228,"column":0},"end":{"line":228,"column":21}},"228":{"start":{"line":229,"column":0},"end":{"line":229,"column":41}},"229":{"start":{"line":230,"column":0},"end":{"line":230,"column":39}},"230":{"start":{"line":231,"column":0},"end":{"line":231,"column":11}},"231":{"start":{"line":232,"column":0},"end":{"line":232,"column":3}},"234":{"start":{"line":235,"column":0},"end":{"line":235,"column":66}},"235":{"start":{"line":236,"column":0},"end":{"line":236,"column":23}},"236":{"start":{"line":237,"column":0},"end":{"line":237,"column":20}},"237":{"start":{"line":238,"column":0},"end":{"line":238,"column":21}},"238":{"start":{"line":239,"column":0},"end":{"line":239,"column":30}},"239":{"start":{"line":240,"column":0},"end":{"line":240,"column":27}},"240":{"start":{"line":241,"column":0},"end":{"line":241,"column":11}},"241":{"start":{"line":242,"column":0},"end":{"line":242,"column":3}},"243":{"start":{"line":244,"column":0},"end":{"line":244,"column":7}},"245":{"start":{"line":246,"column":0},"end":{"line":246,"column":79}},"248":{"start":{"line":249,"column":0},"end":{"line":249,"column":42}},"249":{"start":{"line":250,"column":0},"end":{"line":250,"column":22}},"250":{"start":{"line":251,"column":0},"end":{"line":251,"column":23}},"251":{"start":{"line":252,"column":0},"end":{"line":252,"column":46}},"252":{"start":{"line":253,"column":0},"end":{"line":253,"column":41}},"253":{"start":{"line":254,"column":0},"end":{"line":254,"column":13}},"254":{"start":{"line":255,"column":0},"end":{"line":255,"column":5}},"257":{"start":{"line":258,"column":0},"end":{"line":258,"column":80}},"259":{"start":{"line":260,"column":0},"end":{"line":260,"column":37}},"260":{"start":{"line":261,"column":0},"end":{"line":261,"column":21}},"261":{"start":{"line":262,"column":0},"end":{"line":262,"column":34}},"262":{"start":{"line":263,"column":0},"end":{"line":263,"column":27}},"263":{"start":{"line":264,"column":0},"end":{"line":264,"column":5}},"265":{"start":{"line":266,"column":0},"end":{"line":266,"column":27}},"266":{"start":{"line":267,"column":0},"end":{"line":267,"column":19}},"267":{"start":{"line":268,"column":0},"end":{"line":268,"column":43}},"268":{"start":{"line":269,"column":0},"end":{"line":269,"column":20}},"269":{"start":{"line":270,"column":0},"end":{"line":270,"column":21}},"270":{"start":{"line":271,"column":0},"end":{"line":271,"column":45}},"271":{"start":{"line":272,"column":0},"end":{"line":272,"column":39}},"272":{"start":{"line":273,"column":0},"end":{"line":273,"column":11}},"273":{"start":{"line":274,"column":0},"end":{"line":274,"column":3}},"274":{"start":{"line":275,"column":0},"end":{"line":275,"column":2}},"276":{"start":{"line":277,"column":0},"end":{"line":277,"column":18}}},"s":{"0":1,"1":1,"34":1,"35":1,"36":1,"37":1,"38":1,"39":1,"40":1,"41":1,"42":1,"43":1,"46":20,"48":20,"49":20,"50":20,"51":1,"52":1,"53":20,"54":1,"55":1,"56":20,"57":0,"58":0,"61":18,"62":20,"63":20,"64":3,"65":3,"66":3,"67":3,"68":3,"69":3,"72":15,"73":15,"74":15,"75":15,"76":15,"77":1,"78":1,"79":1,"80":1,"81":1,"82":1,"83":15,"85":14,"86":14,"89":14,"90":14,"91":0,"92":0,"95":14,"96":14,"97":14,"98":14,"99":14,"100":14,"101":14,"103":14,"104":14,"105":14,"107":14,"108":14,"111":14,"112":14,"113":12,"114":12,"117":14,"118":2,"119":2,"121":0,"122":0,"123":0,"125":0,"127":0,"128":0,"129":0,"130":0,"131":0,"133":0,"134":0,"135":0,"137":0,"138":0,"139":0,"141":0,"142":0,"143":0,"144":0,"146":0,"147":0,"148":0,"149":0,"150":0,"151":0,"152":0,"153":0,"154":0,"155":0,"156":0,"157":0,"158":0,"159":0,"160":0,"161":0,"162":0,"163":0,"164":0,"165":0,"166":0,"169":0,"170":0,"171":0,"172":0,"173":0,"174":0,"176":0,"177":0,"179":1,"182":1,"183":2,"184":2,"185":2,"186":2,"187":2,"190":1,"191":3,"192":1,"193":1,"194":1,"195":1,"196":1,"197":1,"198":2,"199":2,"202":1,"204":23,"205":1,"206":1,"207":1,"208":1,"209":1,"210":1,"213":22,"214":22,"215":22,"216":23,"217":1,"218":1,"219":1,"220":1,"221":1,"222":1,"225":23,"226":1,"227":1,"228":1,"229":1,"230":1,"231":1,"234":20,"235":23,"236":6,"237":6,"238":6,"239":6,"240":6,"241":6,"243":14,"245":14,"248":23,"249":0,"250":0,"251":0,"252":0,"253":0,"254":0,"257":23,"259":14,"260":14,"261":14,"262":14,"263":14,"265":14,"266":23,"267":0,"268":0,"269":0,"270":0,"271":0,"272":0,"273":0,"274":23,"276":1},"branchMap":{"0":{"type":"branch","line":47,"loc":{"start":{"line":47,"column":0},"end":{"line":87,"column":1}},"locations":[{"start":{"line":47,"column":0},"end":{"line":87,"column":1}}]},"1":{"type":"branch","line":51,"loc":{"start":{"line":51,"column":23},"end":{"line":53,"column":5}},"locations":[{"start":{"line":51,"column":23},"end":{"line":53,"column":5}}]},"2":{"type":"branch","line":53,"loc":{"start":{"line":53,"column":4},"end":{"line":54,"column":32}},"locations":[{"start":{"line":53,"column":4},"end":{"line":54,"column":32}}]},"3":{"type":"branch","line":54,"loc":{"start":{"line":54,"column":32},"end":{"line":56,"column":5}},"locations":[{"start":{"line":54,"column":32},"end":{"line":56,"column":5}}]},"4":{"type":"branch","line":57,"loc":{"start":{"line":57,"column":2},"end":{"line":59,"column":3}},"locations":[{"start":{"line":57,"column":2},"end":{"line":59,"column":3}}]},"5":{"type":"branch","line":59,"loc":{"start":{"line":59,"column":2},"end":{"line":63,"column":47}},"locations":[{"start":{"line":59,"column":2},"end":{"line":63,"column":47}}]},"6":{"type":"branch","line":63,"loc":{"start":{"line":63,"column":33},"end":{"line":63,"column":52}},"locations":[{"start":{"line":63,"column":33},"end":{"line":63,"column":52}}]},"7":{"type":"branch","line":64,"loc":{"start":{"line":64,"column":22},"end":{"line":70,"column":3}},"locations":[{"start":{"line":64,"column":22},"end":{"line":70,"column":3}}]},"8":{"type":"branch","line":70,"loc":{"start":{"line":70,"column":2},"end":{"line":87,"column":1}},"locations":[{"start":{"line":70,"column":2},"end":{"line":87,"column":1}}]},"9":{"type":"branch","line":70,"loc":{"start":{"line":70,"column":2},"end":{"line":84,"column":3}},"locations":[{"start":{"line":70,"column":2},"end":{"line":84,"column":3}}]},"10":{"type":"branch","line":77,"loc":{"start":{"line":77,"column":37},"end":{"line":83,"column":5}},"locations":[{"start":{"line":77,"column":37},"end":{"line":83,"column":5}}]},"11":{"type":"branch","line":84,"loc":{"start":{"line":84,"column":2},"end":{"line":87,"column":1}},"locations":[{"start":{"line":84,"column":2},"end":{"line":87,"column":1}}]},"12":{"type":"branch","line":75,"loc":{"start":{"line":75,"column":39},"end":{"line":75,"column":66}},"locations":[{"start":{"line":75,"column":39},"end":{"line":75,"column":66}}]},"13":{"type":"branch","line":90,"loc":{"start":{"line":90,"column":0},"end":{"line":109,"column":1}},"locations":[{"start":{"line":90,"column":0},"end":{"line":109,"column":1}}]},"14":{"type":"branch","line":91,"loc":{"start":{"line":91,"column":57},"end":{"line":93,"column":3}},"locations":[{"start":{"line":91,"column":57},"end":{"line":93,"column":3}}]},"15":{"type":"branch","line":105,"loc":{"start":{"line":105,"column":49},"end":{"line":105,"column":75}},"locations":[{"start":{"line":105,"column":49},"end":{"line":105,"column":75}}]},"16":{"type":"branch","line":112,"loc":{"start":{"line":112,"column":0},"end":{"line":178,"column":1}},"locations":[{"start":{"line":112,"column":0},"end":{"line":178,"column":1}}]},"17":{"type":"branch","line":113,"loc":{"start":{"line":113,"column":38},"end":{"line":115,"column":3}},"locations":[{"start":{"line":113,"column":38},"end":{"line":115,"column":3}}]},"18":{"type":"branch","line":115,"loc":{"start":{"line":115,"column":2},"end":{"line":118,"column":96}},"locations":[{"start":{"line":115,"column":2},"end":{"line":118,"column":96}}]},"19":{"type":"branch","line":118,"loc":{"start":{"line":118,"column":96},"end":{"line":120,"column":3}},"locations":[{"start":{"line":118,"column":96},"end":{"line":120,"column":3}}]},"20":{"type":"branch","line":120,"loc":{"start":{"line":120,"column":2},"end":{"line":178,"column":1}},"locations":[{"start":{"line":120,"column":2},"end":{"line":178,"column":1}}]},"21":{"type":"branch","line":183,"loc":{"start":{"line":183,"column":19},"end":{"line":188,"column":2}},"locations":[{"start":{"line":183,"column":19},"end":{"line":188,"column":2}}]},"22":{"type":"branch","line":191,"loc":{"start":{"line":191,"column":26},"end":{"line":200,"column":2}},"locations":[{"start":{"line":191,"column":26},"end":{"line":200,"column":2}}]},"23":{"type":"branch","line":192,"loc":{"start":{"line":192,"column":32},"end":{"line":200,"column":2}},"locations":[{"start":{"line":192,"column":32},"end":{"line":200,"column":2}}]},"24":{"type":"branch","line":192,"loc":{"start":{"line":192,"column":32},"end":{"line":198,"column":3}},"locations":[{"start":{"line":192,"column":32},"end":{"line":198,"column":3}}]},"25":{"type":"branch","line":203,"loc":{"start":{"line":203,"column":18},"end":{"line":275,"column":2}},"locations":[{"start":{"line":203,"column":18},"end":{"line":275,"column":2}}]},"26":{"type":"branch","line":205,"loc":{"start":{"line":205,"column":13},"end":{"line":205,"column":61}},"locations":[{"start":{"line":205,"column":13},"end":{"line":205,"column":61}}]},"27":{"type":"branch","line":205,"loc":{"start":{"line":205,"column":61},"end":{"line":211,"column":3}},"locations":[{"start":{"line":205,"column":61},"end":{"line":211,"column":3}}]},"28":{"type":"branch","line":211,"loc":{"start":{"line":211,"column":2},"end":{"line":216,"column":36}},"locations":[{"start":{"line":211,"column":2},"end":{"line":216,"column":36}}]},"29":{"type":"branch","line":216,"loc":{"start":{"line":216,"column":35},"end":{"line":217,"column":10}},"locations":[{"start":{"line":216,"column":35},"end":{"line":217,"column":10}}]},"30":{"type":"branch","line":217,"loc":{"start":{"line":217,"column":2},"end":{"line":223,"column":3}},"locations":[{"start":{"line":217,"column":2},"end":{"line":223,"column":3}}]},"31":{"type":"branch","line":223,"loc":{"start":{"line":223,"column":2},"end":{"line":226,"column":32}},"locations":[{"start":{"line":223,"column":2},"end":{"line":226,"column":32}}]},"32":{"type":"branch","line":226,"loc":{"start":{"line":226,"column":32},"end":{"line":232,"column":3}},"locations":[{"start":{"line":226,"column":32},"end":{"line":232,"column":3}}]},"33":{"type":"branch","line":232,"loc":{"start":{"line":232,"column":2},"end":{"line":236,"column":22}},"locations":[{"start":{"line":232,"column":2},"end":{"line":236,"column":22}}]},"34":{"type":"branch","line":236,"loc":{"start":{"line":236,"column":22},"end":{"line":249,"column":41}},"locations":[{"start":{"line":236,"column":22},"end":{"line":249,"column":41}}]},"35":{"type":"branch","line":236,"loc":{"start":{"line":236,"column":22},"end":{"line":242,"column":3}},"locations":[{"start":{"line":236,"column":22},"end":{"line":242,"column":3}}]},"36":{"type":"branch","line":242,"loc":{"start":{"line":242,"column":2},"end":{"line":249,"column":41}},"locations":[{"start":{"line":242,"column":2},"end":{"line":249,"column":41}}]},"37":{"type":"branch","line":249,"loc":{"start":{"line":249,"column":41},"end":{"line":255,"column":5}},"locations":[{"start":{"line":249,"column":41},"end":{"line":255,"column":5}}]},"38":{"type":"branch","line":255,"loc":{"start":{"line":255,"column":4},"end":{"line":258,"column":77}},"locations":[{"start":{"line":255,"column":4},"end":{"line":258,"column":77}}]},"39":{"type":"branch","line":258,"loc":{"start":{"line":258,"column":67},"end":{"line":258,"column":79}},"locations":[{"start":{"line":258,"column":67},"end":{"line":258,"column":79}}]},"40":{"type":"branch","line":258,"loc":{"start":{"line":258,"column":79},"end":{"line":267,"column":11}},"locations":[{"start":{"line":258,"column":79},"end":{"line":267,"column":11}}]},"41":{"type":"branch","line":267,"loc":{"start":{"line":267,"column":2},"end":{"line":274,"column":3}},"locations":[{"start":{"line":267,"column":2},"end":{"line":274,"column":3}}]}},"b":{"0":[20],"1":[1],"2":[19],"3":[1],"4":[0],"5":[18],"6":[0],"7":[3],"8":[18],"9":[15],"10":[1],"11":[14],"12":[30],"13":[14],"14":[0],"15":[448],"16":[14],"17":[12],"18":[2],"19":[2],"20":[0],"21":[2],"22":[3],"23":[2],"24":[1],"25":[23],"26":[22],"27":[1],"28":[22],"29":[21],"30":[1],"31":[21],"32":[1],"33":[20],"34":[16],"35":[6],"36":[14],"37":[0],"38":[14],"39":[1],"40":[14],"41":[0]},"fnMap":{"0":{"name":"validateEvent","decl":{"start":{"line":47,"column":0},"end":{"line":87,"column":1}},"loc":{"start":{"line":47,"column":0},"end":{"line":87,"column":1}},"line":47},"1":{"name":"wrapAndSignEvent","decl":{"start":{"line":90,"column":0},"end":{"line":109,"column":1}},"loc":{"start":{"line":90,"column":0},"end":{"line":109,"column":1}},"line":90},"2":{"name":"sendToRelays","decl":{"start":{"line":112,"column":0},"end":{"line":178,"column":1}},"loc":{"start":{"line":112,"column":0},"end":{"line":178,"column":1}},"line":112}},"f":{"0":20,"1":14,"2":14}}
}
